  glad.c
  Board.cpp
C:\Projects\OpenGL Practice\Card Matching Game\Card Matching Game\Board.cpp(1,1): warning C4819: The file contains a character that cannot be represented in the current code page (932). Save the file in Unicode format to prevent data loss
C:\Projects\OpenGL Practice\Card Matching Game\Card Matching Game\Board.h(1,1): warning C4819: The file contains a character that cannot be represented in the current code page (932). Save the file in Unicode format to prevent data loss
  (compiling source file 'Board.cpp')
  
C:\Projects\OpenGL Practice\Card Matching Game\Card Matching Game\Card.h(1,1): warning C4819: The file contains a character that cannot be represented in the current code page (932). Save the file in Unicode format to prevent data loss
  (compiling source file 'Board.cpp')
  
C:\Projects\OpenGL Practice\Card Matching Game\Card Matching Game\Model.h(1,1): warning C4819: The file contains a character that cannot be represented in the current code page (932). Save the file in Unicode format to prevent data loss
  (compiling source file 'Board.cpp')
  
C:\Projects\OpenGL Practice\Card Matching Game\Card Matching Game\Mesh.h(1,1): warning C4819: The file contains a character that cannot be represented in the current code page (932). Save the file in Unicode format to prevent data loss
  (compiling source file 'Board.cpp')
  
C:\Projects\OpenGL Practice\Card Matching Game\Card Matching Game\VAO.h(1,1): warning C4819: The file contains a character that cannot be represented in the current code page (932). Save the file in Unicode format to prevent data loss
  (compiling source file 'Board.cpp')
  
C:\Projects\OpenGL Practice\Card Matching Game\Card Matching Game\VBO.h(1,1): warning C4819: The file contains a character that cannot be represented in the current code page (932). Save the file in Unicode format to prevent data loss
  (compiling source file 'Board.cpp')
  
C:\Projects\OpenGL Practice\Card Matching Game\Card Matching Game\EBO.h(1,1): warning C4819: The file contains a character that cannot be represented in the current code page (932). Save the file in Unicode format to prevent data loss
  (compiling source file 'Board.cpp')
  
C:\Projects\OpenGL Practice\Card Matching Game\Card Matching Game\Camera.h(1,1): warning C4819: The file contains a character that cannot be represented in the current code page (932). Save the file in Unicode format to prevent data loss
  (compiling source file 'Board.cpp')
  
C:\Projects\OpenGL Practice\Card Matching Game\Card Matching Game\shaderClass.h(1,1): warning C4819: The file contains a character that cannot be represented in the current code page (932). Save the file in Unicode format to prevent data loss
  (compiling source file 'Board.cpp')
  
C:\Projects\OpenGL Practice\Card Matching Game\Card Matching Game\Transform.h(1,1): warning C4819: The file contains a character that cannot be represented in the current code page (932). Save the file in Unicode format to prevent data loss
  (compiling source file 'Board.cpp')
  
C:\Projects\OpenGL Practice\Card Matching Game\Card Matching Game\textureClass.h(1,1): warning C4819: The file contains a character that cannot be represented in the current code page (932). Save the file in Unicode format to prevent data loss
  (compiling source file 'Board.cpp')
  
  Camera.cpp
C:\Projects\OpenGL Practice\Card Matching Game\Card Matching Game\Camera.cpp(1,1): warning C4819: The file contains a character that cannot be represented in the current code page (932). Save the file in Unicode format to prevent data loss
C:\Projects\OpenGL Practice\Card Matching Game\Card Matching Game\Camera.h(1,1): warning C4819: The file contains a character that cannot be represented in the current code page (932). Save the file in Unicode format to prevent data loss
  (compiling source file 'Camera.cpp')
  
C:\Projects\OpenGL Practice\Card Matching Game\Card Matching Game\shaderClass.h(1,1): warning C4819: The file contains a character that cannot be represented in the current code page (932). Save the file in Unicode format to prevent data loss
  (compiling source file 'Camera.cpp')
  
C:\Projects\OpenGL Practice\Card Matching Game\Card Matching Game\Transform.h(1,1): warning C4819: The file contains a character that cannot be represented in the current code page (932). Save the file in Unicode format to prevent data loss
  (compiling source file 'Camera.cpp')
  
  Card.cpp
C:\Projects\OpenGL Practice\Card Matching Game\Card Matching Game\Card.cpp(1,1): warning C4819: The file contains a character that cannot be represented in the current code page (932). Save the file in Unicode format to prevent data loss
C:\Projects\OpenGL Practice\Card Matching Game\Card Matching Game\Card.h(1,1): warning C4819: The file contains a character that cannot be represented in the current code page (932). Save the file in Unicode format to prevent data loss
  (compiling source file 'Card.cpp')
  
C:\Projects\OpenGL Practice\Card Matching Game\Card Matching Game\Model.h(1,1): warning C4819: The file contains a character that cannot be represented in the current code page (932). Save the file in Unicode format to prevent data loss
  (compiling source file 'Card.cpp')
  
C:\Projects\OpenGL Practice\Card Matching Game\Card Matching Game\Mesh.h(1,1): warning C4819: The file contains a character that cannot be represented in the current code page (932). Save the file in Unicode format to prevent data loss
  (compiling source file 'Card.cpp')
  
C:\Projects\OpenGL Practice\Card Matching Game\Card Matching Game\VAO.h(1,1): warning C4819: The file contains a character that cannot be represented in the current code page (932). Save the file in Unicode format to prevent data loss
  (compiling source file 'Card.cpp')
  
C:\Projects\OpenGL Practice\Card Matching Game\Card Matching Game\VBO.h(1,1): warning C4819: The file contains a character that cannot be represented in the current code page (932). Save the file in Unicode format to prevent data loss
  (compiling source file 'Card.cpp')
  
C:\Projects\OpenGL Practice\Card Matching Game\Card Matching Game\EBO.h(1,1): warning C4819: The file contains a character that cannot be represented in the current code page (932). Save the file in Unicode format to prevent data loss
  (compiling source file 'Card.cpp')
  
C:\Projects\OpenGL Practice\Card Matching Game\Card Matching Game\Camera.h(1,1): warning C4819: The file contains a character that cannot be represented in the current code page (932). Save the file in Unicode format to prevent data loss
  (compiling source file 'Card.cpp')
  
C:\Projects\OpenGL Practice\Card Matching Game\Card Matching Game\shaderClass.h(1,1): warning C4819: The file contains a character that cannot be represented in the current code page (932). Save the file in Unicode format to prevent data loss
  (compiling source file 'Card.cpp')
  
C:\Projects\OpenGL Practice\Card Matching Game\Card Matching Game\Transform.h(1,1): warning C4819: The file contains a character that cannot be represented in the current code page (932). Save the file in Unicode format to prevent data loss
  (compiling source file 'Card.cpp')
  
C:\Projects\OpenGL Practice\Card Matching Game\Card Matching Game\textureClass.h(1,1): warning C4819: The file contains a character that cannot be represented in the current code page (932). Save the file in Unicode format to prevent data loss
  (compiling source file 'Card.cpp')
  
  EBO.cpp
C:\Projects\OpenGL Practice\Card Matching Game\Card Matching Game\EBO.cpp(1,1): warning C4819: The file contains a character that cannot be represented in the current code page (932). Save the file in Unicode format to prevent data loss
C:\Projects\OpenGL Practice\Card Matching Game\Card Matching Game\EBO.h(1,1): warning C4819: The file contains a character that cannot be represented in the current code page (932). Save the file in Unicode format to prevent data loss
  (compiling source file 'EBO.cpp')
  
  GameLogic.cpp
C:\Projects\OpenGL Practice\Card Matching Game\Card Matching Game\GameLogic.cpp(1,1): warning C4819: The file contains a character that cannot be represented in the current code page (932). Save the file in Unicode format to prevent data loss
C:\Projects\OpenGL Practice\Card Matching Game\Card Matching Game\GameLogic.h(1,1): warning C4819: The file contains a character that cannot be represented in the current code page (932). Save the file in Unicode format to prevent data loss
  (compiling source file 'GameLogic.cpp')
  
C:\Projects\OpenGL Practice\Card Matching Game\Card Matching Game\Board.h(1,1): warning C4819: The file contains a character that cannot be represented in the current code page (932). Save the file in Unicode format to prevent data loss
  (compiling source file 'GameLogic.cpp')
  
C:\Projects\OpenGL Practice\Card Matching Game\Card Matching Game\Card.h(1,1): warning C4819: The file contains a character that cannot be represented in the current code page (932). Save the file in Unicode format to prevent data loss
  (compiling source file 'GameLogic.cpp')
  
C:\Projects\OpenGL Practice\Card Matching Game\Card Matching Game\Model.h(1,1): warning C4819: The file contains a character that cannot be represented in the current code page (932). Save the file in Unicode format to prevent data loss
  (compiling source file 'GameLogic.cpp')
  
C:\Projects\OpenGL Practice\Card Matching Game\Card Matching Game\Mesh.h(1,1): warning C4819: The file contains a character that cannot be represented in the current code page (932). Save the file in Unicode format to prevent data loss
  (compiling source file 'GameLogic.cpp')
  
C:\Projects\OpenGL Practice\Card Matching Game\Card Matching Game\VAO.h(1,1): warning C4819: The file contains a character that cannot be represented in the current code page (932). Save the file in Unicode format to prevent data loss
  (compiling source file 'GameLogic.cpp')
  
C:\Projects\OpenGL Practice\Card Matching Game\Card Matching Game\VBO.h(1,1): warning C4819: The file contains a character that cannot be represented in the current code page (932). Save the file in Unicode format to prevent data loss
  (compiling source file 'GameLogic.cpp')
  
C:\Projects\OpenGL Practice\Card Matching Game\Card Matching Game\EBO.h(1,1): warning C4819: The file contains a character that cannot be represented in the current code page (932). Save the file in Unicode format to prevent data loss
  (compiling source file 'GameLogic.cpp')
  
C:\Projects\OpenGL Practice\Card Matching Game\Card Matching Game\Camera.h(1,1): warning C4819: The file contains a character that cannot be represented in the current code page (932). Save the file in Unicode format to prevent data loss
  (compiling source file 'GameLogic.cpp')
  
C:\Projects\OpenGL Practice\Card Matching Game\Card Matching Game\shaderClass.h(1,1): warning C4819: The file contains a character that cannot be represented in the current code page (932). Save the file in Unicode format to prevent data loss
  (compiling source file 'GameLogic.cpp')
  
C:\Projects\OpenGL Practice\Card Matching Game\Card Matching Game\Transform.h(1,1): warning C4819: The file contains a character that cannot be represented in the current code page (932). Save the file in Unicode format to prevent data loss
  (compiling source file 'GameLogic.cpp')
  
C:\Projects\OpenGL Practice\Card Matching Game\Card Matching Game\textureClass.h(1,1): warning C4819: The file contains a character that cannot be represented in the current code page (932). Save the file in Unicode format to prevent data loss
  (compiling source file 'GameLogic.cpp')
  
C:\Projects\OpenGL Practice\Card Matching Game\Card Matching Game\MousePicker.h(1,1): warning C4819: The file contains a character that cannot be represented in the current code page (932). Save the file in Unicode format to prevent data loss
  (compiling source file 'GameLogic.cpp')
  
C:\Projects\OpenGL Practice\Card Matching Game\Card Matching Game\GameLogic.cpp(25,17): warning C4267: 'initializing': conversion from 'size_t' to 'int', possible loss of data
  main.cpp
C:\Projects\OpenGL Practice\Card Matching Game\Card Matching Game\main.cpp(1,1): warning C4819: The file contains a character that cannot be represented in the current code page (932). Save the file in Unicode format to prevent data loss
C:\Projects\OpenGL Practice\Card Matching Game\Card Matching Game\MousePicker.h(1,1): warning C4819: The file contains a character that cannot be represented in the current code page (932). Save the file in Unicode format to prevent data loss
  (compiling source file 'main.cpp')
  
C:\Projects\OpenGL Practice\Card Matching Game\Card Matching Game\Camera.h(1,1): warning C4819: The file contains a character that cannot be represented in the current code page (932). Save the file in Unicode format to prevent data loss
  (compiling source file 'main.cpp')
  
C:\Projects\OpenGL Practice\Card Matching Game\Card Matching Game\shaderClass.h(1,1): warning C4819: The file contains a character that cannot be represented in the current code page (932). Save the file in Unicode format to prevent data loss
  (compiling source file 'main.cpp')
  
C:\Projects\OpenGL Practice\Card Matching Game\Card Matching Game\Transform.h(1,1): warning C4819: The file contains a character that cannot be represented in the current code page (932). Save the file in Unicode format to prevent data loss
  (compiling source file 'main.cpp')
  
C:\Projects\OpenGL Practice\Card Matching Game\Card Matching Game\GameLogic.h(1,1): warning C4819: The file contains a character that cannot be represented in the current code page (932). Save the file in Unicode format to prevent data loss
  (compiling source file 'main.cpp')
  
C:\Projects\OpenGL Practice\Card Matching Game\Card Matching Game\Board.h(1,1): warning C4819: The file contains a character that cannot be represented in the current code page (932). Save the file in Unicode format to prevent data loss
  (compiling source file 'main.cpp')
  
C:\Projects\OpenGL Practice\Card Matching Game\Card Matching Game\Card.h(1,1): warning C4819: The file contains a character that cannot be represented in the current code page (932). Save the file in Unicode format to prevent data loss
  (compiling source file 'main.cpp')
  
C:\Projects\OpenGL Practice\Card Matching Game\Card Matching Game\Model.h(1,1): warning C4819: The file contains a character that cannot be represented in the current code page (932). Save the file in Unicode format to prevent data loss
  (compiling source file 'main.cpp')
  
C:\Projects\OpenGL Practice\Card Matching Game\Card Matching Game\Mesh.h(1,1): warning C4819: The file contains a character that cannot be represented in the current code page (932). Save the file in Unicode format to prevent data loss
  (compiling source file 'main.cpp')
  
C:\Projects\OpenGL Practice\Card Matching Game\Card Matching Game\VAO.h(1,1): warning C4819: The file contains a character that cannot be represented in the current code page (932). Save the file in Unicode format to prevent data loss
  (compiling source file 'main.cpp')
  
C:\Projects\OpenGL Practice\Card Matching Game\Card Matching Game\VBO.h(1,1): warning C4819: The file contains a character that cannot be represented in the current code page (932). Save the file in Unicode format to prevent data loss
  (compiling source file 'main.cpp')
  
C:\Projects\OpenGL Practice\Card Matching Game\Card Matching Game\EBO.h(1,1): warning C4819: The file contains a character that cannot be represented in the current code page (932). Save the file in Unicode format to prevent data loss
  (compiling source file 'main.cpp')
  
C:\Projects\OpenGL Practice\Card Matching Game\Card Matching Game\textureClass.h(1,1): warning C4819: The file contains a character that cannot be represented in the current code page (932). Save the file in Unicode format to prevent data loss
  (compiling source file 'main.cpp')
  
C:\Projects\OpenGL Practice\Card Matching Game\Card Matching Game\main.cpp(140,22): warning C4244: 'initializing': conversion from 'double' to 'float', possible loss of data
  Mesh.cpp
C:\Projects\OpenGL Practice\Card Matching Game\Card Matching Game\Mesh.cpp(1,1): warning C4819: The file contains a character that cannot be represented in the current code page (932). Save the file in Unicode format to prevent data loss
C:\Projects\OpenGL Practice\Card Matching Game\Card Matching Game\Mesh.h(1,1): warning C4819: The file contains a character that cannot be represented in the current code page (932). Save the file in Unicode format to prevent data loss
  (compiling source file 'Mesh.cpp')
  
C:\Projects\OpenGL Practice\Card Matching Game\Card Matching Game\VAO.h(1,1): warning C4819: The file contains a character that cannot be represented in the current code page (932). Save the file in Unicode format to prevent data loss
  (compiling source file 'Mesh.cpp')
  
C:\Projects\OpenGL Practice\Card Matching Game\Card Matching Game\VBO.h(1,1): warning C4819: The file contains a character that cannot be represented in the current code page (932). Save the file in Unicode format to prevent data loss
  (compiling source file 'Mesh.cpp')
  
C:\Projects\OpenGL Practice\Card Matching Game\Card Matching Game\EBO.h(1,1): warning C4819: The file contains a character that cannot be represented in the current code page (932). Save the file in Unicode format to prevent data loss
  (compiling source file 'Mesh.cpp')
  
C:\Projects\OpenGL Practice\Card Matching Game\Card Matching Game\Camera.h(1,1): warning C4819: The file contains a character that cannot be represented in the current code page (932). Save the file in Unicode format to prevent data loss
  (compiling source file 'Mesh.cpp')
  
C:\Projects\OpenGL Practice\Card Matching Game\Card Matching Game\shaderClass.h(1,1): warning C4819: The file contains a character that cannot be represented in the current code page (932). Save the file in Unicode format to prevent data loss
  (compiling source file 'Mesh.cpp')
  
C:\Projects\OpenGL Practice\Card Matching Game\Card Matching Game\Transform.h(1,1): warning C4819: The file contains a character that cannot be represented in the current code page (932). Save the file in Unicode format to prevent data loss
  (compiling source file 'Mesh.cpp')
  
C:\Projects\OpenGL Practice\Card Matching Game\Card Matching Game\textureClass.h(1,1): warning C4819: The file contains a character that cannot be represented in the current code page (932). Save the file in Unicode format to prevent data loss
  (compiling source file 'Mesh.cpp')
  
C:\Projects\OpenGL Practice\Card Matching Game\Card Matching Game\Mesh.cpp(116,43): warning C4267: 'argument': conversion from 'size_t' to 'GLsizei', possible loss of data
  Model.cpp
C:\Projects\OpenGL Practice\Card Matching Game\Card Matching Game\Model.cpp(1,1): warning C4819: The file contains a character that cannot be represented in the current code page (932). Save the file in Unicode format to prevent data loss
C:\Projects\OpenGL Practice\Card Matching Game\Card Matching Game\Model.h(1,1): warning C4819: The file contains a character that cannot be represented in the current code page (932). Save the file in Unicode format to prevent data loss
  (compiling source file 'Model.cpp')
  
C:\Projects\OpenGL Practice\Card Matching Game\Card Matching Game\Mesh.h(1,1): warning C4819: The file contains a character that cannot be represented in the current code page (932). Save the file in Unicode format to prevent data loss
  (compiling source file 'Model.cpp')
  
C:\Projects\OpenGL Practice\Card Matching Game\Card Matching Game\VAO.h(1,1): warning C4819: The file contains a character that cannot be represented in the current code page (932). Save the file in Unicode format to prevent data loss
  (compiling source file 'Model.cpp')
  
C:\Projects\OpenGL Practice\Card Matching Game\Card Matching Game\VBO.h(1,1): warning C4819: The file contains a character that cannot be represented in the current code page (932). Save the file in Unicode format to prevent data loss
  (compiling source file 'Model.cpp')
  
C:\Projects\OpenGL Practice\Card Matching Game\Card Matching Game\EBO.h(1,1): warning C4819: The file contains a character that cannot be represented in the current code page (932). Save the file in Unicode format to prevent data loss
  (compiling source file 'Model.cpp')
  
C:\Projects\OpenGL Practice\Card Matching Game\Card Matching Game\Camera.h(1,1): warning C4819: The file contains a character that cannot be represented in the current code page (932). Save the file in Unicode format to prevent data loss
  (compiling source file 'Model.cpp')
  
C:\Projects\OpenGL Practice\Card Matching Game\Card Matching Game\shaderClass.h(1,1): warning C4819: The file contains a character that cannot be represented in the current code page (932). Save the file in Unicode format to prevent data loss
  (compiling source file 'Model.cpp')
  
C:\Projects\OpenGL Practice\Card Matching Game\Card Matching Game\Transform.h(1,1): warning C4819: The file contains a character that cannot be represented in the current code page (932). Save the file in Unicode format to prevent data loss
  (compiling source file 'Model.cpp')
  
C:\Projects\OpenGL Practice\Card Matching Game\Card Matching Game\textureClass.h(1,1): warning C4819: The file contains a character that cannot be represented in the current code page (932). Save the file in Unicode format to prevent data loss
  (compiling source file 'Model.cpp')
  
C:\Projects\OpenGL Practice\Card Matching Game\Card Matching Game\Model.cpp(461,91): warning C4267: 'argument': conversion from 'size_t' to 'GLuint', possible loss of data
C:\Projects\OpenGL Practice\Card Matching Game\Card Matching Game\Model.cpp(471,93): warning C4267: 'argument': conversion from 'size_t' to 'GLuint', possible loss of data
  MousePicker.cpp
C:\Projects\OpenGL Practice\Card Matching Game\Card Matching Game\MousePicker.cpp(1,1): warning C4819: The file contains a character that cannot be represented in the current code page (932). Save the file in Unicode format to prevent data loss
C:\Projects\OpenGL Practice\Card Matching Game\Card Matching Game\MousePicker.h(1,1): warning C4819: The file contains a character that cannot be represented in the current code page (932). Save the file in Unicode format to prevent data loss
  (compiling source file 'MousePicker.cpp')
  
C:\Projects\OpenGL Practice\Card Matching Game\Card Matching Game\Camera.h(1,1): warning C4819: The file contains a character that cannot be represented in the current code page (932). Save the file in Unicode format to prevent data loss
  (compiling source file 'MousePicker.cpp')
  
C:\Projects\OpenGL Practice\Card Matching Game\Card Matching Game\shaderClass.h(1,1): warning C4819: The file contains a character that cannot be represented in the current code page (932). Save the file in Unicode format to prevent data loss
  (compiling source file 'MousePicker.cpp')
  
C:\Projects\OpenGL Practice\Card Matching Game\Card Matching Game\Transform.h(1,1): warning C4819: The file contains a character that cannot be represented in the current code page (932). Save the file in Unicode format to prevent data loss
  (compiling source file 'MousePicker.cpp')
  
  shaderClass.cpp
C:\Projects\OpenGL Practice\Card Matching Game\Card Matching Game\shaderClass.cpp(1,1): warning C4819: The file contains a character that cannot be represented in the current code page (932). Save the file in Unicode format to prevent data loss
C:\Projects\OpenGL Practice\Card Matching Game\Card Matching Game\shaderClass.h(1,1): warning C4819: The file contains a character that cannot be represented in the current code page (932). Save the file in Unicode format to prevent data loss
  (compiling source file 'shaderClass.cpp')
  
C:\Projects\OpenGL Practice\Card Matching Game\Card Matching Game\Transform.h(1,1): warning C4819: The file contains a character that cannot be represented in the current code page (932). Save the file in Unicode format to prevent data loss
  (compiling source file 'shaderClass.cpp')
  
  stb.cpp
  textureClass.cpp
C:\Projects\OpenGL Practice\Card Matching Game\Card Matching Game\textureClass.cpp(1,1): warning C4819: The file contains a character that cannot be represented in the current code page (932). Save the file in Unicode format to prevent data loss
C:\Projects\OpenGL Practice\Card Matching Game\Card Matching Game\textureClass.h(1,1): warning C4819: The file contains a character that cannot be represented in the current code page (932). Save the file in Unicode format to prevent data loss
  (compiling source file 'textureClass.cpp')
  
C:\Projects\OpenGL Practice\Card Matching Game\Card Matching Game\shaderClass.h(1,1): warning C4819: The file contains a character that cannot be represented in the current code page (932). Save the file in Unicode format to prevent data loss
  (compiling source file 'textureClass.cpp')
  
C:\Projects\OpenGL Practice\Card Matching Game\Card Matching Game\Transform.h(1,1): warning C4819: The file contains a character that cannot be represented in the current code page (932). Save the file in Unicode format to prevent data loss
  (compiling source file 'textureClass.cpp')
  
  VAO.cpp
C:\Projects\OpenGL Practice\Card Matching Game\Card Matching Game\VAO.cpp(1,1): warning C4819: The file contains a character that cannot be represented in the current code page (932). Save the file in Unicode format to prevent data loss
C:\Projects\OpenGL Practice\Card Matching Game\Card Matching Game\VAO.h(1,1): warning C4819: The file contains a character that cannot be represented in the current code page (932). Save the file in Unicode format to prevent data loss
  (compiling source file 'VAO.cpp')
  
C:\Projects\OpenGL Practice\Card Matching Game\Card Matching Game\VBO.h(1,1): warning C4819: The file contains a character that cannot be represented in the current code page (932). Save the file in Unicode format to prevent data loss
  (compiling source file 'VAO.cpp')
  
C:\Projects\OpenGL Practice\Card Matching Game\Card Matching Game\VAO.cpp(42,63): warning C4244: 'argument': conversion from 'GLsizeiptr' to 'GLsizei', possible loss of data
  VBO.cpp
C:\Projects\OpenGL Practice\Card Matching Game\Card Matching Game\VBO.cpp(1,1): warning C4819: The file contains a character that cannot be represented in the current code page (932). Save the file in Unicode format to prevent data loss
C:\Projects\OpenGL Practice\Card Matching Game\Card Matching Game\VBO.h(1,1): warning C4819: The file contains a character that cannot be represented in the current code page (932). Save the file in Unicode format to prevent data loss
  (compiling source file 'VBO.cpp')
  
LINK : warning LNK4098: defaultlib 'MSVCRTD' conflicts with use of other libs; use /NODEFAULTLIB:library
  Generating code
  0 of 2751 functions ( 0.0%) were compiled, the rest were copied from previous compilation.
    0 functions were new in current compilation
    0 functions had inline decision re-evaluated but remain unchanged
  Finished generating code
glfw3.lib(input.obj) : warning LNK4099: PDB 'glfw3.pdb' was not found with 'glfw3.lib(input.obj)' or at 'C:\Projects\OpenGL Practice\Card Matching Game\x64\Release\glfw3.pdb'; linking object as if no debug info
glfw3.lib(context.obj) : warning LNK4099: PDB 'glfw3.pdb' was not found with 'glfw3.lib(context.obj)' or at 'C:\Projects\OpenGL Practice\Card Matching Game\x64\Release\glfw3.pdb'; linking object as if no debug info
glfw3.lib(window.obj) : warning LNK4099: PDB 'glfw3.pdb' was not found with 'glfw3.lib(window.obj)' or at 'C:\Projects\OpenGL Practice\Card Matching Game\x64\Release\glfw3.pdb'; linking object as if no debug info
glfw3.lib(init.obj) : warning LNK4099: PDB 'glfw3.pdb' was not found with 'glfw3.lib(init.obj)' or at 'C:\Projects\OpenGL Practice\Card Matching Game\x64\Release\glfw3.pdb'; linking object as if no debug info
glfw3.lib(win32_time.obj) : warning LNK4099: PDB 'glfw3.pdb' was not found with 'glfw3.lib(win32_time.obj)' or at 'C:\Projects\OpenGL Practice\Card Matching Game\x64\Release\glfw3.pdb'; linking object as if no debug info
glfw3.lib(win32_thread.obj) : warning LNK4099: PDB 'glfw3.pdb' was not found with 'glfw3.lib(win32_thread.obj)' or at 'C:\Projects\OpenGL Practice\Card Matching Game\x64\Release\glfw3.pdb'; linking object as if no debug info
glfw3.lib(platform.obj) : warning LNK4099: PDB 'glfw3.pdb' was not found with 'glfw3.lib(platform.obj)' or at 'C:\Projects\OpenGL Practice\Card Matching Game\x64\Release\glfw3.pdb'; linking object as if no debug info
glfw3.lib(monitor.obj) : warning LNK4099: PDB 'glfw3.pdb' was not found with 'glfw3.lib(monitor.obj)' or at 'C:\Projects\OpenGL Practice\Card Matching Game\x64\Release\glfw3.pdb'; linking object as if no debug info
glfw3.lib(vulkan.obj) : warning LNK4099: PDB 'glfw3.pdb' was not found with 'glfw3.lib(vulkan.obj)' or at 'C:\Projects\OpenGL Practice\Card Matching Game\x64\Release\glfw3.pdb'; linking object as if no debug info
glfw3.lib(win32_init.obj) : warning LNK4099: PDB 'glfw3.pdb' was not found with 'glfw3.lib(win32_init.obj)' or at 'C:\Projects\OpenGL Practice\Card Matching Game\x64\Release\glfw3.pdb'; linking object as if no debug info
glfw3.lib(null_init.obj) : warning LNK4099: PDB 'glfw3.pdb' was not found with 'glfw3.lib(null_init.obj)' or at 'C:\Projects\OpenGL Practice\Card Matching Game\x64\Release\glfw3.pdb'; linking object as if no debug info
glfw3.lib(win32_module.obj) : warning LNK4099: PDB 'glfw3.pdb' was not found with 'glfw3.lib(win32_module.obj)' or at 'C:\Projects\OpenGL Practice\Card Matching Game\x64\Release\glfw3.pdb'; linking object as if no debug info
glfw3.lib(win32_monitor.obj) : warning LNK4099: PDB 'glfw3.pdb' was not found with 'glfw3.lib(win32_monitor.obj)' or at 'C:\Projects\OpenGL Practice\Card Matching Game\x64\Release\glfw3.pdb'; linking object as if no debug info
glfw3.lib(win32_window.obj) : warning LNK4099: PDB 'glfw3.pdb' was not found with 'glfw3.lib(win32_window.obj)' or at 'C:\Projects\OpenGL Practice\Card Matching Game\x64\Release\glfw3.pdb'; linking object as if no debug info
glfw3.lib(win32_joystick.obj) : warning LNK4099: PDB 'glfw3.pdb' was not found with 'glfw3.lib(win32_joystick.obj)' or at 'C:\Projects\OpenGL Practice\Card Matching Game\x64\Release\glfw3.pdb'; linking object as if no debug info
glfw3.lib(wgl_context.obj) : warning LNK4099: PDB 'glfw3.pdb' was not found with 'glfw3.lib(wgl_context.obj)' or at 'C:\Projects\OpenGL Practice\Card Matching Game\x64\Release\glfw3.pdb'; linking object as if no debug info
glfw3.lib(egl_context.obj) : warning LNK4099: PDB 'glfw3.pdb' was not found with 'glfw3.lib(egl_context.obj)' or at 'C:\Projects\OpenGL Practice\Card Matching Game\x64\Release\glfw3.pdb'; linking object as if no debug info
glfw3.lib(osmesa_context.obj) : warning LNK4099: PDB 'glfw3.pdb' was not found with 'glfw3.lib(osmesa_context.obj)' or at 'C:\Projects\OpenGL Practice\Card Matching Game\x64\Release\glfw3.pdb'; linking object as if no debug info
glfw3.lib(null_monitor.obj) : warning LNK4099: PDB 'glfw3.pdb' was not found with 'glfw3.lib(null_monitor.obj)' or at 'C:\Projects\OpenGL Practice\Card Matching Game\x64\Release\glfw3.pdb'; linking object as if no debug info
glfw3.lib(null_window.obj) : warning LNK4099: PDB 'glfw3.pdb' was not found with 'glfw3.lib(null_window.obj)' or at 'C:\Projects\OpenGL Practice\Card Matching Game\x64\Release\glfw3.pdb'; linking object as if no debug info
glfw3.lib(null_joystick.obj) : warning LNK4099: PDB 'glfw3.pdb' was not found with 'glfw3.lib(null_joystick.obj)' or at 'C:\Projects\OpenGL Practice\Card Matching Game\x64\Release\glfw3.pdb'; linking object as if no debug info
  OpenGLPractice.vcxproj -> C:\Projects\OpenGL Practice\Card Matching Game\x64\Release\Card Matching Game.exe
